<?xml version="1.0" encoding="UTF-8"?>
<!-- Generated by org.testng.reporters.JUnitXMLReporter -->
<testsuite hostname="DESKTOP-KOB0SH9" ignored="0" name="Default test" tests="3" failures="0" timestamp="2020-05-06T22:13:57 IST" time="0.236" errors="0">
  <testcase name="test1" time="0.065" classname="TestNG_Listners.TestNG_Listner_Demo"/>
  <testcase name="test2" time="0.01" classname="TestNG_Listners.TestNG_Listner_Demo"/>
  <testcase name="test3" time="0.007" classname="TestNG_Listners.TestNG_Listner_Demo">
    <skipped/>
  </testcase> <!-- test3 -->
</testsuite> <!-- Default test -->
